Build started 24/10/2014 4:27:05 p.m..
     1>Project "d:\Users\daniel.airey\documents\visual studio 2010\Projects\BrickBuster\BrickBuster\BrickBuster.vcxproj" on node 2 (build target(s)).
     1>InitializeBuildStatus:
         Touching "Debug\BrickBuster.unsuccessfulbuild".
       ClCompile:
         All outputs are up-to-date.
       ResourceCompile:
         All outputs are up-to-date.
       ManifestResourceCompile:
         All outputs are up-to-date.
       Link:
         C:\Program Files (x86)\Microsoft Visual Studio 10.0\VC\bin\link.exe /ERRORREPORT:PROMPT /OUT:"d:\users\daniel.airey\documents\visual studio 2010\Projects\BrickBuster\Debug\BrickBuster.exe" /INCREMENTAL /NOLOGO winmm.lib kernel32.lib user32.lib gdi32.lib winspool.lib comdlg32.lib advapi32.lib shell32.lib ole32.lib oleaut32.lib uuid.lib odbc32.lib odbccp32.lib /MANIFEST /ManifestFile:"Debug\BrickBuster.exe.intermediate.manifest" /MANIFESTUAC:"level='asInvoker' uiAccess='false'" /DEBUG /PDB:"d:\users\daniel.airey\documents\visual studio 2010\Projects\BrickBuster\Debug\BrickBuster.pdb" /SUBSYSTEM:WINDOWS /TLBID:1 /DYNAMICBASE /NXCOMPAT /IMPLIB:"d:\users\daniel.airey\documents\visual studio 2010\Projects\BrickBuster\Debug\BrickBuster.lib" /MACHINE:X86 Debug\resource.res
         Debug\BrickBuster.exe.embed.manifest.res
         Debug\backbuffer.obj
         Debug\ball.obj
         Debug\brick.obj
         Debug\clock.obj
         Debug\entity.obj
         Debug\game.obj
         Debug\level.obj
         Debug\main.obj
         Debug\paddle.obj
         Debug\sprite.obj
       Manifest:
         C:\Program Files (x86)\Microsoft SDKs\Windows\v7.0A\bin\mt.exe /nologo /verbose /out:"Debug\BrickBuster.exe.embed.manifest" /manifest Debug\BrickBuster.exe.intermediate.manifest
         C:\Program Files (x86)\Microsoft SDKs\Windows\v7.0A\bin\rc.exe /nologo /fo"Debug\BrickBuster.exe.embed.manifest.res" Debug\BrickBuster_manifest.rc 
       LinkEmbedManifest:
         C:\Program Files (x86)\Microsoft Visual Studio 10.0\VC\bin\link.exe /ERRORREPORT:PROMPT /OUT:"d:\users\daniel.airey\documents\visual studio 2010\Projects\BrickBuster\Debug\BrickBuster.exe" /INCREMENTAL /NOLOGO winmm.lib kernel32.lib user32.lib gdi32.lib winspool.lib comdlg32.lib advapi32.lib shell32.lib ole32.lib oleaut32.lib uuid.lib odbc32.lib odbccp32.lib /MANIFEST /ManifestFile:"Debug\BrickBuster.exe.intermediate.manifest" /MANIFESTUAC:"level='asInvoker' uiAccess='false'" /DEBUG /PDB:"d:\users\daniel.airey\documents\visual studio 2010\Projects\BrickBuster\Debug\BrickBuster.pdb" /SUBSYSTEM:WINDOWS /TLBID:1 /DYNAMICBASE /NXCOMPAT /IMPLIB:"d:\users\daniel.airey\documents\visual studio 2010\Projects\BrickBuster\Debug\BrickBuster.lib" /MACHINE:X86 Debug\resource.res
         Debug\BrickBuster.exe.embed.manifest.res
         Debug\backbuffer.obj
         Debug\ball.obj
         Debug\brick.obj
         Debug\clock.obj
         Debug\entity.obj
         Debug\game.obj
         Debug\level.obj
         Debug\main.obj
         Debug\paddle.obj
         Debug\sprite.obj
         BrickBuster.vcxproj -> d:\users\daniel.airey\documents\visual studio 2010\Projects\BrickBuster\Debug\BrickBuster.exe
       FinalizeBuildStatus:
         Deleting file "Debug\BrickBuster.unsuccessfulbuild".
         Touching "Debug\BrickBuster.lastbuildstate".
     1>Done Building Project "d:\Users\daniel.airey\documents\visual studio 2010\Projects\BrickBuster\BrickBuster\BrickBuster.vcxproj" (build target(s)).

Build succeeded.

Time Elapsed 00:00:00.38
